<?xml version="1.0" encoding="UTF-8"?>
<testsuite xmlns:xsi="http://www.w3.org/2001/XMLSchema-instance" xsi:noNamespaceSchemaLocation="https://maven.apache.org/surefire/maven-surefire-plugin/xsd/surefire-test-report-3.0.xsd" version="3.0" name="userRequestTest" time="19.68" tests="8" errors="0" skipped="0" failures="0">
  <properties>
[...]
</properties>
  <testcase name="createWithArrayTest" classname="userRequestTest" time="3.569">
    <system-err><![CDATA[SLF4J: Failed to load class "org.slf4j.impl.StaticLoggerBinder".
SLF4J: Defaulting to no-operation (NOP) logger implementation
SLF4J: See http://www.slf4j.org/codes.html#StaticLoggerBinder for further details.
]]></system-err>
  </testcase>
  <testcase name="createWithListTest" classname="userRequestTest" time="1.933"/>
  <testcase name="findUserByUsernameTest" classname="userRequestTest" time="1.797"/>
  <testcase name="loginTest" classname="userRequestTest" time="3.244">
    <system-out><![CDATA[HTTP/1.1 200 OK
Date: Sat, 12 Oct 2024 07:45:40 GMT
Content-Type: application/json
Transfer-Encoding: chunked
Connection: keep-alive
Access-Control-Allow-Origin: *
Access-Control-Allow-Methods: GET, POST, DELETE, PUT
Access-Control-Allow-Headers: Content-Type, api_key, Authorization
X-Expires-After: Sat Oct 12 08:45:40 UTC 2024
X-Rate-Limit: 5000
Server: Jetty(9.2.9.v20150224)

{
    "code": 200,
    "type": "unknown",
    "message": "logged in user session:1728719140799"
}
Session ID: 1728719140799
]]></system-out>
  </testcase>
  <testcase name="updateUserTest" classname="userRequestTest" time="1.926">
    <system-out><![CDATA[HTTP/1.1 200 OK
Date: Sat, 12 Oct 2024 07:45:44 GMT
Content-Type: application/json
Transfer-Encoding: chunked
Connection: keep-alive
Access-Control-Allow-Origin: *
Access-Control-Allow-Methods: GET, POST, DELETE, PUT
Access-Control-Allow-Headers: Content-Type, api_key, Authorization
Server: Jetty(9.2.9.v20150224)

{
    "code": 200,
    "type": "unknown",
    "message": "1210"
}
]]></system-out>
  </testcase>
  <testcase name="deleteUserTest" classname="userRequestTest" time="1.885"/>
  <testcase name="createUserTest" classname="userRequestTest" time="1.941"/>
  <testcase name="logoutTest" classname="userRequestTest" time="1.958"/>
</testsuite>