<?xml version="1.0" encoding="UTF-8"?>
<!-- Generated by org.testng.reporters.JUnitXMLReporter -->
<testsuite ignored="0" hostname="FAMOLD2061" failures="0" tests="8" name="Surefire test" time="18.367" errors="0" timestamp="12 Oct 2024 07:45:49 GMT">
  <testcase classname="userRequestTest" name="createWithArrayTest" time="3.567"/>
  <testcase classname="userRequestTest" name="createWithListTest" time="1.921"/>
  <testcase classname="userRequestTest" name="findUserByUsernameTest" time="1.803"/>
  <testcase classname="userRequestTest" name="loginTest" time="3.245"/>
  <testcase classname="userRequestTest" name="updateUserTest" time="1.898"/>
  <testcase classname="userRequestTest" name="deleteUserTest" time="1.885"/>
  <testcase classname="userRequestTest" name="createUserTest" time="1.939"/>
  <testcase classname="userRequestTest" name="logoutTest" time="1.958"/>
</testsuite> <!-- Surefire test -->
